# JRE version: OpenJDK Runtime Environment (8.0_242-b01) (build 1.8.0_242-release-1644-b01)
# Java VM: OpenJDK 64-Bit Server VM (25.242-b01 mixed mode windows-amd64 compressed oops)
Heap:
 PSYoungGen      total 481280K, used 344220K [0x00000000e0000000, 0x00000000ff900000, 0x0000000100000000)
  eden space 443904K, 75% used [0x00000000e0000000,0x00000000f489ef28,0x00000000fb180000)
  from space 37376K, 20% used [0x00000000fd480000,0x00000000fdc083b8,0x00000000ff900000)
  to   space 35840K, 0% used [0x00000000fb180000,0x00000000fb180000,0x00000000fd480000)
 ParOldGen       total 312832K, used 194541K [0x00000000a0000000, 0x00000000b3180000, 0x00000000e0000000)
  object space 312832K, 62% used [0x00000000a0000000,0x00000000abdfb7b0,0x00000000b3180000)
 Metaspace       used 160223K, capacity 170196K, committed 214360K, reserved 1236992K
  class space    used 19469K, capacity 21092K, committed 27776K, reserved 1048576K
GC Heap History (10 events):
Event: 20590.323 GC heap before
{Heap before GC invocations=132 (full 12):
 PSYoungGen      total 459776K, used 414589K [0x00000000e0000000, 0x00000000ff780000, 0x0000000100000000)
  eden space 408064K, 100% used [0x00000000e0000000,0x00000000f8e80000,0x00000000f8e80000)
  from space 51712K, 12% used [0x00000000f8e80000,0x00000000f94df628,0x00000000fc100000)
  to   space 48640K, 0% used [0x00000000fc800000,0x00000000fc800000,0x00000000ff780000)
 ParOldGen       total 312832K, used 189201K [0x00000000a0000000, 0x00000000b3180000, 0x00000000e0000000)
  object space 312832K, 60% used [0x00000000a0000000,0x00000000ab8c44c0,0x00000000b3180000)
 Metaspace       used 160156K, capacity 170184K, committed 214360K, reserved 1236992K
  class space    used 19469K, capacity 21092K, committed 27776K, reserved 1048576K
Event: 20590.380 GC heap after
Heap after GC invocations=132 (full 12):
 PSYoungGen      total 469504K, used 5677K [0x00000000e0000000, 0x00000000ff800000, 0x0000000100000000)
  eden space 420864K, 0% used [0x00000000e0000000,0x00000000e0000000,0x00000000f9b00000)
  from space 48640K, 11% used [0x00000000fc800000,0x00000000fcd8b570,0x00000000ff780000)
  to   space 46080K, 0% used [0x00000000f9b00000,0x00000000f9b00000,0x00000000fc800000)
 ParOldGen       total 312832K, used 190434K [0x00000000a0000000, 0x00000000b3180000, 0x00000000e0000000)
  object space 312832K, 60% used [0x00000000a0000000,0x00000000ab9f89b8,0x00000000b3180000)
 Metaspace       used 160156K, capacity 170184K, committed 214360K, reserved 1236992K
  class space    used 19469K, capacity 21092K, committed 27776K, reserved 1048576K
}
Event: 20591.661 GC heap before
{Heap before GC invocations=133 (full 12):
 PSYoungGen      total 469504K, used 426541K [0x00000000e0000000, 0x00000000ff800000, 0x0000000100000000)
  eden space 420864K, 100% used [0x00000000e0000000,0x00000000f9b00000,0x00000000f9b00000)
  from space 48640K, 11% used [0x00000000fc800000,0x00000000fcd8b570,0x00000000ff780000)
  to   space 46080K, 0% used [0x00000000f9b00000,0x00000000f9b00000,0x00000000fc800000)
 ParOldGen       total 312832K, used 190434K [0x00000000a0000000, 0x00000000b3180000, 0x00000000e0000000)
  object space 312832K, 60% used [0x00000000a0000000,0x00000000ab9f89b8,0x00000000b3180000)
 Metaspace       used 160158K, capacity 170184K, committed 214360K, reserved 1236992K
  class space    used 19469K, capacity 21092K, committed 27776K, reserved 1048576K
Event: 20591.701 GC heap after
Heap after GC invocations=133 (full 12):
 PSYoungGen      total 466944K, used 4961K [0x00000000e0000000, 0x00000000ff880000, 0x0000000100000000)
  eden space 420864K, 0% used [0x00000000e0000000,0x00000000e0000000,0x00000000f9b00000)
  from space 46080K, 10% used [0x00000000f9b00000,0x00000000f9fd8750,0x00000000fc800000)
  to   space 43520K, 0% used [0x00000000fce00000,0x00000000fce00000,0x00000000ff880000)
 ParOldGen       total 312832K, used 191877K [0x00000000a0000000, 0x00000000b3180000, 0x00000000e0000000)
  object space 312832K, 61% used [0x00000000a0000000,0x00000000abb615a8,0x00000000b3180000)
 Metaspace       used 160158K, capacity 170184K, committed 214360K, reserved 1236992K
  class space    used 19469K, capacity 21092K, committed 27776K, reserved 1048576K
}
Event: 20593.782 GC heap before
{Heap before GC invocations=134 (full 12):
 PSYoungGen      total 466944K, used 425825K [0x00000000e0000000, 0x00000000ff880000, 0x0000000100000000)
  eden space 420864K, 100% used [0x00000000e0000000,0x00000000f9b00000,0x00000000f9b00000)
  from space 46080K, 10% used [0x00000000f9b00000,0x00000000f9fd8750,0x00000000fc800000)
  to   space 43520K, 0% used [0x00000000fce00000,0x00000000fce00000,0x00000000ff880000)
 ParOldGen       total 312832K, used 191877K [0x00000000a0000000, 0x00000000b3180000, 0x00000000e0000000)
  object space 312832K, 61% used [0x00000000a0000000,0x00000000abb615a8,0x00000000b3180000)
 Metaspace       used 160171K, capacity 170184K, committed 214360K, reserved 1236992K
  class space    used 19469K, capacity 21092K, committed 27776K, reserved 1048576K
Event: 20593.856 GC heap after
Heap after GC invocations=134 (full 12):
 PSYoungGen      total 475136K, used 10730K [0x00000000e0000000, 0x00000000ff780000, 0x0000000100000000)
  eden space 432640K, 0% used [0x00000000e0000000,0x00000000e0000000,0x00000000fa680000)
  from space 42496K, 25% used [0x00000000fce00000,0x00000000fd87ab68,0x00000000ff780000)
  to   space 40448K, 0% used [0x00000000fa680000,0x00000000fa680000,0x00000000fce00000)
 ParOldGen       total 312832K, used 192472K [0x00000000a0000000, 0x00000000b3180000, 0x00000000e0000000)
  object space 312832K, 61% used [0x00000000a0000000,0x00000000abbf6190,0x00000000b3180000)
 Metaspace       used 160171K, capacity 170184K, committed 214360K, reserved 1236992K
  class space    used 19469K, capacity 21092K, committed 27776K, reserved 1048576K
}
Event: 20595.572 GC heap before
{Heap before GC invocations=135 (full 12):
 PSYoungGen      total 475136K, used 443370K [0x00000000e0000000, 0x00000000ff780000, 0x0000000100000000)
  eden space 432640K, 100% used [0x00000000e0000000,0x00000000fa680000,0x00000000fa680000)
  from space 42496K, 25% used [0x00000000fce00000,0x00000000fd87ab68,0x00000000ff780000)
  to   space 40448K, 0% used [0x00000000fa680000,0x00000000fa680000,0x00000000fce00000)
 ParOldGen       total 312832K, used 192472K [0x00000000a0000000, 0x00000000b3180000, 0x00000000e0000000)
  object space 312832K, 61% used [0x00000000a0000000,0x00000000abbf6190,0x00000000b3180000)
 Metaspace       used 160188K, capacity 170184K, committed 214360K, reserved 1236992K
  class space    used 19469K, capacity 21092K, committed 27776K, reserved 1048576K
Event: 20595.592 GC heap after
Heap after GC invocations=135 (full 12):
 PSYoungGen      total 473088K, used 3406K [0x00000000e0000000, 0x00000000ffa00000, 0x0000000100000000)
  eden space 432640K, 0% used [0x00000000e0000000,0x00000000e0000000,0x00000000fa680000)
  from space 40448K, 8% used [0x00000000fa680000,0x00000000fa9d3928,0x00000000fce00000)
  to   space 38400K, 0% used [0x00000000fd480000,0x00000000fd480000,0x00000000ffa00000)
 ParOldGen       total 312832K, used 194213K [0x00000000a0000000, 0x00000000b3180000, 0x00000000e0000000)
  object space 312832K, 62% used [0x00000000a0000000,0x00000000abda9610,0x00000000b3180000)
 Metaspace       used 160188K, capacity 170184K, committed 214360K, reserved 1236992K
  class space    used 19469K, capacity 21092K, committed 27776K, reserved 1048576K
}
Event: 20596.915 GC heap before
{Heap before GC invocations=136 (full 12):
 PSYoungGen      total 473088K, used 436046K [0x00000000e0000000, 0x00000000ffa00000, 0x0000000100000000)
  eden space 432640K, 100% used [0x00000000e0000000,0x00000000fa680000,0x00000000fa680000)
  from space 40448K, 8% used [0x00000000fa680000,0x00000000fa9d3928,0x00000000fce00000)
  to   space 38400K, 0% used [0x00000000fd480000,0x00000000fd480000,0x00000000ffa00000)
 ParOldGen       total 312832K, used 194213K [0x00000000a0000000, 0x00000000b3180000, 0x00000000e0000000)
  object space 312832K, 62% used [0x00000000a0000000,0x00000000abda9610,0x00000000b3180000)
 Metaspace       used 160210K, capacity 170192K, committed 214360K, reserved 1236992K
  class space    used 19469K, capacity 21092K, committed 27776K, reserved 1048576K
Event: 20596.960 GC heap after
Heap after GC invocations=136 (full 12):
 PSYoungGen      total 481280K, used 7712K [0x00000000e0000000, 0x00000000ff900000, 0x0000000100000000)
  eden space 443904K, 0% used [0x00000000e0000000,0x00000000e0000000,0x00000000fb180000)
  from space 37376K, 20% used [0x00000000fd480000,0x00000000fdc083b8,0x00000000ff900000)
  to   space 35840K, 0% used [0x00000000fb180000,0x00000000fb180000,0x00000000fd480000)
 ParOldGen       total 312832K, used 194541K [0x00000000a0000000, 0x00000000b3180000, 0x00000000e0000000)
  object space 312832K, 62% used [0x00000000a0000000,0x00000000abdfb7b0,0x00000000b3180000)
 Metaspace       used 160210K, capacity 170192K, committed 214360K, reserved 1236992K
  class space    used 19469K, capacity 21092K, committed 27776K, reserved 1048576K
}

